2024-07-23T09:30:24.413391Z  INFO ThreadId(01) running Hermes v1.10.0+fc998de
2024-07-23T09:30:24.414603Z  INFO ThreadId(01) rest: REST server disabled
2024-07-23T09:30:24.414856Z  INFO ThreadId(05) telemetry service running, exposing metrics at http://0.0.0.0:3001/metrics
2024-07-23T09:30:24.418026Z TRACE ThreadId(01) health_check{chain=provider-chain}: spawned chain runtime chain=provider-chain
2024-07-23T09:30:24.423569Z  WARN ThreadId(06) health_check{chain=provider-chain}: chain 'provider-chain' has no minimum gas price value configured for denomination 'icsstake'. This is usually a sign of misconfiguration, please check your chain and relayer configurations
2024-07-23T09:30:24.434784Z TRACE ThreadId(06) health_check{chain=provider-chain}: parsed version specification application=gaiad version=v18.1.0 git_commit=58b4e54a95c7fc6a64272ccd0f09f46213c005ad sdk_version=Some(Version { major: 0, minor: 47, patch: 16 }) ibc_go_status=Some(Version { major: 7, minor: 6, patch: 0 }) consensus_version=Some(Comet(Version { major: 0, minor: 37, patch: 6 }))
2024-07-23T09:30:24.435092Z DEBUG ThreadId(06) health_check{chain=provider-chain}: running diagnostic on version specs: Cosmos SDK 0.47.16, IBC-Go 7.6.0, CometBFT 0.37.6
2024-07-23T09:30:24.440330Z  INFO ThreadId(06) health_check{chain=provider-chain}: Updated `max_block_time` using /genesis endpoint. Old value: `10s`, new value: `30s`
2024-07-23T09:30:24.440390Z  INFO ThreadId(01) health_check{chain=provider-chain}: chain is healthy
2024-07-23T09:30:24.443544Z TRACE ThreadId(01) health_check{chain=comdex-test3}: spawned chain runtime chain=comdex-test3
2024-07-23T09:30:24.448931Z  WARN ThreadId(07) health_check{chain=comdex-test3}: chain 'comdex-test3' has no minimum gas price value configured for denomination 'ucmdx'. This is usually a sign of misconfiguration, please check your chain and relayer configurations
2024-07-23T09:30:24.450881Z TRACE ThreadId(07) health_check{chain=comdex-test3}: parsed version specification application=comdex version=v15.0.0 git_commit=ab8a6a1557b721306ab28d7e8276d95a21c6e145 sdk_version=Some(Version { major: 0, minor: 47, patch: 11 }) ibc_go_status=Some(Version { major: 7, minor: 4, patch: 0 }) consensus_version=Some(Comet(Version { major: 0, minor: 37, patch: 6 }))
2024-07-23T09:30:24.451019Z DEBUG ThreadId(07) health_check{chain=comdex-test3}: running diagnostic on version specs: Cosmos SDK 0.47.11, IBC-Go 7.4.0, CometBFT 0.37.6
2024-07-23T09:30:24.457171Z  INFO ThreadId(07) health_check{chain=comdex-test3}: Updated `max_block_time` using /genesis endpoint. Old value: `10s`, new value: `30s`
2024-07-23T09:30:24.457261Z  INFO ThreadId(01) health_check{chain=comdex-test3}: chain is healthy
2024-07-23T09:30:24.458324Z  INFO ThreadId(01) scan.chain{chain=provider-chain}: scanning chain...
2024-07-23T09:30:24.458418Z  INFO ThreadId(01) scan.chain{chain=provider-chain}: scanning chain for all clients, connections and channels
2024-07-23T09:30:24.458427Z  INFO ThreadId(01) scan.chain{chain=provider-chain}: scanning all clients...
2024-07-23T09:30:24.460520Z  WARN ThreadId(06) scan.chain{chain=provider-chain}: encountered unsupported client type `/ibc.lightclients.localhost.v2.ClientState` while scanning client `09-localhost`, skipping the client
2024-07-23T09:30:24.460541Z DEBUG ThreadId(06) scan.chain{chain=provider-chain}: failed to parse client state IdentifiedClientState { client_id: 09-localhost, client_state: Any { type_url: /ibc.lightclients.localhost.v2.ClientState } }. Error: unknown client state type: /ibc.lightclients.localhost.v2.ClientState
2024-07-23T09:30:24.460822Z  INFO ThreadId(01) scan.chain{chain=provider-chain}:scan.client{client=07-tendermint-0}: scanning client...
2024-07-23T09:30:24.460867Z TRACE ThreadId(01) scan.chain{chain=provider-chain}:scan.client{client=07-tendermint-0}: controlling permissions
2024-07-23T09:30:24.460876Z DEBUG ThreadId(01) scan.chain{chain=provider-chain}:scan.client{client=07-tendermint-0}: computed permission permission=Allow
2024-07-23T09:30:24.463406Z  INFO ThreadId(01) scan.chain{chain=provider-chain}:scan.client{client=07-tendermint-0}:scan.connection{connection=connection-0}: scanning connection...
2024-07-23T09:30:24.463444Z TRACE ThreadId(01) scan.chain{chain=provider-chain}:scan.client{client=07-tendermint-0}:scan.connection{connection=connection-0}: controlling permissions
2024-07-23T09:30:24.464855Z TRACE ThreadId(01) scan.chain{chain=provider-chain}:scan.client{client=07-tendermint-0}:scan.connection{connection=connection-0}: controlling permissions
2024-07-23T09:30:24.464878Z TRACE ThreadId(01) scan.chain{chain=provider-chain}:scan.client{client=07-tendermint-0}:scan.connection{connection=connection-0}: cache hit permission=Allow
2024-07-23T09:30:24.464889Z TRACE ThreadId(01) scan.chain{chain=provider-chain}:scan.client{client=07-tendermint-0}:scan.connection{connection=connection-0}: controlling permissions
2024-07-23T09:30:24.464895Z DEBUG ThreadId(01) scan.chain{chain=provider-chain}:scan.client{client=07-tendermint-0}:scan.connection{connection=connection-0}: computed permission permission=Allow
2024-07-23T09:30:24.464903Z DEBUG ThreadId(01) scan.chain{chain=provider-chain}:scan.client{client=07-tendermint-0}:scan.connection{connection=connection-0}: computed permission for client and counterparty client permission=Allow
2024-07-23T09:30:24.472839Z  INFO ThreadId(01) scan.chain{chain=comdex-test3}: scanning chain...
2024-07-23T09:30:24.472899Z  INFO ThreadId(01) scan.chain{chain=comdex-test3}: scanning chain for all clients, connections and channels
2024-07-23T09:30:24.472902Z  INFO ThreadId(01) scan.chain{chain=comdex-test3}: scanning all clients...
2024-07-23T09:30:24.474631Z  WARN ThreadId(07) scan.chain{chain=comdex-test3}: encountered unsupported client type `/ibc.lightclients.localhost.v2.ClientState` while scanning client `09-localhost`, skipping the client
2024-07-23T09:30:24.474652Z DEBUG ThreadId(07) scan.chain{chain=comdex-test3}: failed to parse client state IdentifiedClientState { client_id: 09-localhost, client_state: Any { type_url: /ibc.lightclients.localhost.v2.ClientState } }. Error: unknown client state type: /ibc.lightclients.localhost.v2.ClientState
2024-07-23T09:30:24.474697Z  INFO ThreadId(01) scan.chain{chain=comdex-test3}:scan.client{client=07-tendermint-0}: scanning client...
2024-07-23T09:30:24.474754Z TRACE ThreadId(01) scan.chain{chain=comdex-test3}:scan.client{client=07-tendermint-0}: controlling permissions
2024-07-23T09:30:24.474761Z TRACE ThreadId(01) scan.chain{chain=comdex-test3}:scan.client{client=07-tendermint-0}: cache hit permission=Allow
2024-07-23T09:30:24.476869Z  INFO ThreadId(01) scan.chain{chain=comdex-test3}:scan.client{client=07-tendermint-0}:scan.connection{connection=connection-0}: scanning connection...
2024-07-23T09:30:24.476908Z TRACE ThreadId(01) scan.chain{chain=comdex-test3}:scan.client{client=07-tendermint-0}:scan.connection{connection=connection-0}: controlling permissions
2024-07-23T09:30:24.478119Z TRACE ThreadId(01) scan.chain{chain=comdex-test3}:scan.client{client=07-tendermint-0}:scan.connection{connection=connection-0}: controlling permissions
2024-07-23T09:30:24.478148Z TRACE ThreadId(01) scan.chain{chain=comdex-test3}:scan.client{client=07-tendermint-0}:scan.connection{connection=connection-0}: cache hit permission=Allow
2024-07-23T09:30:24.478156Z TRACE ThreadId(01) scan.chain{chain=comdex-test3}:scan.client{client=07-tendermint-0}:scan.connection{connection=connection-0}: controlling permissions
2024-07-23T09:30:24.478161Z TRACE ThreadId(01) scan.chain{chain=comdex-test3}:scan.client{client=07-tendermint-0}:scan.connection{connection=connection-0}: cache hit permission=Allow
2024-07-23T09:30:24.478167Z DEBUG ThreadId(01) scan.chain{chain=comdex-test3}:scan.client{client=07-tendermint-0}:scan.connection{connection=connection-0}: computed permission for client and counterparty client permission=Allow
2024-07-23T09:30:24.487237Z  INFO ThreadId(01) scanned chains:
2024-07-23T09:30:24.487260Z  INFO ThreadId(01) # Chain: provider-chain
  - Client: 07-tendermint-0
    * Connection: connection-0
      | State: OPEN
      | Counterparty state: OPEN
      + Channel: channel-0
        | Port: provider
        | State: OPEN
        | Counterparty: channel-0
# Chain: comdex-test3
  - Client: 07-tendermint-0
    * Connection: connection-0
      | State: OPEN
      | Counterparty state: OPEN
      + Channel: channel-0
        | Port: consumer
        | State: OPEN
        | Counterparty: channel-0
      + Channel: channel-1
        | Port: transfer
        | State: INIT
        | Counterparty: <none>

2024-07-23T09:30:24.487306Z  INFO ThreadId(01) spawn:chain{chain=provider-chain}:client{client=07-tendermint-0}:connection{connection=connection-0}: connection is OPEN, state on destination chain is OPEN chain=provider-chain connection=connection-0 counterparty_chain=comdex-test3
2024-07-23T09:30:24.487314Z  INFO ThreadId(01) spawn:chain{chain=provider-chain}:client{client=07-tendermint-0}:connection{connection=connection-0}: connection is already open, not spawning Connection worker chain=provider-chain connection=connection-0
2024-07-23T09:30:24.487321Z  INFO ThreadId(01) spawn:chain{chain=provider-chain}:client{client=07-tendermint-0}:connection{connection=connection-0}: no connection workers were spawn chain=provider-chain connection=connection-0
2024-07-23T09:30:24.487333Z  INFO ThreadId(01) spawn:chain{chain=provider-chain}:client{client=07-tendermint-0}:connection{connection=connection-0}:channel{channel=channel-0}: channel is OPEN, state on destination chain is OPEN chain=provider-chain counterparty_chain=comdex-test3 channel=channel-0
2024-07-23T09:30:24.489376Z DEBUG ThreadId(01) spawn:chain{chain=provider-chain}:client{client=07-tendermint-0}:connection{connection=connection-0}:channel{channel=channel-0}:worker.client.refresh{client=07-tendermint-0 src_chain=comdex-test3 dst_chain=provider-chain}: spawning task
2024-07-23T09:30:24.489471Z  INFO ThreadId(01) spawn:chain{chain=provider-chain}:client{client=07-tendermint-0}:connection{connection=connection-0}:channel{channel=channel-0}: spawned client worker: client::comdex-test3->provider-chain:07-tendermint-0
2024-07-23T09:30:24.493033Z  INFO ThreadId(01) spawn:chain{chain=provider-chain}:client{client=07-tendermint-0}:connection{connection=connection-0}: done spawning channel workers chain=provider-chain channel=channel-0
2024-07-23T09:30:24.493139Z DEBUG ThreadId(01) spawn:chain{chain=provider-chain}:wallet{chain=provider-chain}: spawning task
2024-07-23T09:30:24.493234Z  INFO ThreadId(01) spawn:chain{chain=provider-chain}: spawning Wallet worker: wallet::provider-chain
2024-07-23T09:30:24.493274Z  INFO ThreadId(01) spawn:chain{chain=comdex-test3}:client{client=07-tendermint-0}:connection{connection=connection-0}: connection is OPEN, state on destination chain is OPEN chain=comdex-test3 connection=connection-0 counterparty_chain=provider-chain
2024-07-23T09:30:24.493285Z  INFO ThreadId(01) spawn:chain{chain=comdex-test3}:client{client=07-tendermint-0}:connection{connection=connection-0}: connection is already open, not spawning Connection worker chain=comdex-test3 connection=connection-0
2024-07-23T09:30:24.493295Z  INFO ThreadId(01) spawn:chain{chain=comdex-test3}:client{client=07-tendermint-0}:connection{connection=connection-0}: no connection workers were spawn chain=comdex-test3 connection=connection-0
2024-07-23T09:30:24.493307Z  INFO ThreadId(01) spawn:chain{chain=comdex-test3}:client{client=07-tendermint-0}:connection{connection=connection-0}:channel{channel=channel-0}: channel is OPEN, state on destination chain is OPEN chain=comdex-test3 counterparty_chain=provider-chain channel=channel-0
2024-07-23T09:30:24.495646Z TRACE ThreadId(09) spawn:chain{chain=provider-chain}:wallet{chain=provider-chain}: wallet balance amount=1499998931531 denom=icsstake account=cosmos1l7hrk5smvnatux7fsutvc0zldj3z8gawhd7ex7
2024-07-23T09:30:24.499178Z DEBUG ThreadId(01) spawn:chain{chain=comdex-test3}:client{client=07-tendermint-0}:connection{connection=connection-0}:channel{channel=channel-0}:worker.client.refresh{client=07-tendermint-0 src_chain=provider-chain dst_chain=comdex-test3}: spawning task
2024-07-23T09:30:24.499278Z  INFO ThreadId(01) spawn:chain{chain=comdex-test3}:client{client=07-tendermint-0}:connection{connection=connection-0}:channel{channel=channel-0}: spawned client worker: client::provider-chain->comdex-test3:07-tendermint-0
2024-07-23T09:30:24.502601Z  INFO ThreadId(01) spawn:chain{chain=comdex-test3}:client{client=07-tendermint-0}:connection{connection=connection-0}: done spawning channel workers chain=comdex-test3 channel=channel-0
2024-07-23T09:30:24.502637Z  INFO ThreadId(01) spawn:chain{chain=comdex-test3}:client{client=07-tendermint-0}:connection{connection=connection-0}:channel{channel=channel-1}: channel is INIT, state on destination chain is UNINITIALIZED chain=comdex-test3 counterparty_chain=provider-chain channel=channel-1
2024-07-23T09:30:24.502647Z  INFO ThreadId(01) spawn:chain{chain=comdex-test3}:client{client=07-tendermint-0}:connection{connection=connection-0}: no channel workers were spawned chain=comdex-test3 channel=channel-1
2024-07-23T09:30:24.502662Z DEBUG ThreadId(01) spawn:chain{chain=comdex-test3}:wallet{chain=comdex-test3}: spawning task
2024-07-23T09:30:24.502732Z  INFO ThreadId(01) spawn:chain{chain=comdex-test3}: spawning Wallet worker: wallet::comdex-test3
2024-07-23T09:30:24.503314Z TRACE ThreadId(06) supervisor.init_subscriptions:event_source.init_subscriptions{chain=provider-chain}: subscribing to query: tm.event = 'NewBlock'
2024-07-23T09:30:24.503676Z TRACE ThreadId(06) supervisor.init_subscriptions:event_source.init_subscriptions{chain=provider-chain}: subscribing to query: message.module = 'ibc_client'
2024-07-23T09:30:24.503938Z TRACE ThreadId(06) supervisor.init_subscriptions:event_source.init_subscriptions{chain=provider-chain}: subscribing to query: message.module = 'ibc_connection'
2024-07-23T09:30:24.504190Z TRACE ThreadId(06) supervisor.init_subscriptions:event_source.init_subscriptions{chain=provider-chain}: subscribing to query: message.module = 'ibc_channel'
2024-07-23T09:30:24.504380Z TRACE ThreadId(06) supervisor.init_subscriptions:event_source.init_subscriptions{chain=provider-chain}: subscribing to query: message.module = 'interchainquery'
2024-07-23T09:30:24.504583Z TRACE ThreadId(06) supervisor.init_subscriptions:event_source.init_subscriptions{chain=provider-chain}: subscribed to all queries
2024-07-23T09:30:24.504747Z DEBUG ThreadId(12) event_source.websocket{chain=provider-chain}: collecting events
2024-07-23T09:30:24.507525Z TRACE ThreadId(11) spawn:chain{chain=comdex-test3}:wallet{chain=comdex-test3}: wallet balance amount=15000000000000000000000 denom=ucmdx account=comdex1l7hrk5smvnatux7fsutvc0zldj3z8gawszumlf
2024-07-23T09:30:24.508408Z TRACE ThreadId(07) supervisor.init_subscriptions:event_source.init_subscriptions{chain=comdex-test3}: subscribing to query: tm.event = 'NewBlock'
2024-07-23T09:30:24.509125Z TRACE ThreadId(07) supervisor.init_subscriptions:event_source.init_subscriptions{chain=comdex-test3}: subscribing to query: message.module = 'ibc_client'
2024-07-23T09:30:24.509772Z TRACE ThreadId(07) supervisor.init_subscriptions:event_source.init_subscriptions{chain=comdex-test3}: subscribing to query: message.module = 'ibc_connection'
2024-07-23T09:30:24.510326Z TRACE ThreadId(07) supervisor.init_subscriptions:event_source.init_subscriptions{chain=comdex-test3}: subscribing to query: message.module = 'ibc_channel'
2024-07-23T09:30:24.510842Z TRACE ThreadId(07) supervisor.init_subscriptions:event_source.init_subscriptions{chain=comdex-test3}: subscribing to query: message.module = 'interchainquery'
2024-07-23T09:30:24.511344Z TRACE ThreadId(07) supervisor.init_subscriptions:event_source.init_subscriptions{chain=comdex-test3}: subscribed to all queries
2024-07-23T09:30:24.511574Z DEBUG ThreadId(13) event_source.websocket{chain=comdex-test3}: collecting events
2024-07-23T09:30:24.511666Z DEBUG ThreadId(01) worker.batch{chain=provider-chain}: spawning task
2024-07-23T09:30:24.511735Z DEBUG ThreadId(01) worker.batch{chain=comdex-test3}: spawning task
2024-07-23T09:30:24.511772Z DEBUG ThreadId(01) worker.cmd: spawning task
2024-07-23T09:30:24.511803Z DEBUG ThreadId(01) cleanup_worker: spawning task
2024-07-23T09:30:24.511938Z  INFO ThreadId(01) Hermes has started
2024-07-23T09:30:25.638648Z TRACE ThreadId(12) event_source.websocket{chain=provider-chain}: received an RPC event: tm.event = 'NewBlock' chain=provider-chain
2024-07-23T09:30:25.840122Z TRACE ThreadId(12) event_source.websocket{chain=provider-chain}: assembled batch chain=provider-chain len=1
2024-07-23T09:30:25.840173Z TRACE ThreadId(12) event_source.websocket{chain=provider-chain}: broadcasting batch of 1 events chain=provider-chain count=1 height=0-70
2024-07-23T09:30:28.784762Z TRACE ThreadId(13) event_source.websocket{chain=comdex-test3}: received an RPC event: tm.event = 'NewBlock' chain=comdex-test3
2024-07-23T09:30:28.986353Z TRACE ThreadId(13) event_source.websocket{chain=comdex-test3}: assembled batch chain=comdex-test3 len=1
2024-07-23T09:30:28.986402Z TRACE ThreadId(13) event_source.websocket{chain=comdex-test3}: broadcasting batch of 1 events chain=comdex-test3 count=1 height=0-47
2024-07-23T09:30:29.497692Z TRACE ThreadId(09) spawn:chain{chain=provider-chain}:wallet{chain=provider-chain}: wallet balance amount=1499998931531 denom=icsstake account=cosmos1l7hrk5smvnatux7fsutvc0zldj3z8gawhd7ex7
2024-07-23T09:30:29.510337Z TRACE ThreadId(11) spawn:chain{chain=comdex-test3}:wallet{chain=comdex-test3}: wallet balance amount=15000000000000000000000 denom=ucmdx account=comdex1l7hrk5smvnatux7fsutvc0zldj3z8gawszumlf
2024-07-23T09:30:30.663066Z TRACE ThreadId(12) event_source.websocket{chain=provider-chain}: received an RPC event: tm.event = 'NewBlock' chain=provider-chain
2024-07-23T09:30:30.864676Z TRACE ThreadId(12) event_source.websocket{chain=provider-chain}: assembled batch chain=provider-chain len=1
2024-07-23T09:30:30.864726Z TRACE ThreadId(12) event_source.websocket{chain=provider-chain}: broadcasting batch of 1 events chain=provider-chain count=1 height=0-71
2024-07-23T09:30:33.789315Z TRACE ThreadId(13) event_source.websocket{chain=comdex-test3}: received an RPC event: tm.event = 'NewBlock' chain=comdex-test3
2024-07-23T09:30:33.990979Z TRACE ThreadId(13) event_source.websocket{chain=comdex-test3}: assembled batch chain=comdex-test3 len=1
2024-07-23T09:30:33.991033Z TRACE ThreadId(13) event_source.websocket{chain=comdex-test3}: broadcasting batch of 1 events chain=comdex-test3 count=1 height=0-48
2024-07-23T09:30:34.502299Z TRACE ThreadId(09) spawn:chain{chain=provider-chain}:wallet{chain=provider-chain}: wallet balance amount=1499998931531 denom=icsstake account=cosmos1l7hrk5smvnatux7fsutvc0zldj3z8gawhd7ex7
2024-07-23T09:30:34.516656Z TRACE ThreadId(11) spawn:chain{chain=comdex-test3}:wallet{chain=comdex-test3}: wallet balance amount=15000000000000000000000 denom=ucmdx account=comdex1l7hrk5smvnatux7fsutvc0zldj3z8gawszumlf
2024-07-23T09:30:35.665426Z TRACE ThreadId(12) event_source.websocket{chain=provider-chain}: received an RPC event: tm.event = 'NewBlock' chain=provider-chain
2024-07-23T09:30:35.867070Z TRACE ThreadId(12) event_source.websocket{chain=provider-chain}: assembled batch chain=provider-chain len=1
2024-07-23T09:30:35.867128Z TRACE ThreadId(12) event_source.websocket{chain=provider-chain}: broadcasting batch of 1 events chain=provider-chain count=1 height=0-72
2024-07-23T09:30:38.794604Z TRACE ThreadId(13) event_source.websocket{chain=comdex-test3}: received an RPC event: tm.event = 'NewBlock' chain=comdex-test3
2024-07-23T09:30:38.996548Z TRACE ThreadId(13) event_source.websocket{chain=comdex-test3}: assembled batch chain=comdex-test3 len=1
2024-07-23T09:30:38.996613Z TRACE ThreadId(13) event_source.websocket{chain=comdex-test3}: broadcasting batch of 1 events chain=comdex-test3 count=1 height=0-49
2024-07-23T09:30:39.505929Z TRACE ThreadId(09) spawn:chain{chain=provider-chain}:wallet{chain=provider-chain}: wallet balance amount=1499998931531 denom=icsstake account=cosmos1l7hrk5smvnatux7fsutvc0zldj3z8gawhd7ex7
2024-07-23T09:30:39.521084Z TRACE ThreadId(11) spawn:chain{chain=comdex-test3}:wallet{chain=comdex-test3}: wallet balance amount=15000000000000000000000 denom=ucmdx account=comdex1l7hrk5smvnatux7fsutvc0zldj3z8gawszumlf
2024-07-23T09:30:40.675095Z TRACE ThreadId(12) event_source.websocket{chain=provider-chain}: received an RPC event: tm.event = 'NewBlock' chain=provider-chain
2024-07-23T09:30:40.880541Z TRACE ThreadId(12) event_source.websocket{chain=provider-chain}: assembled batch chain=provider-chain len=1
2024-07-23T09:30:40.880581Z TRACE ThreadId(12) event_source.websocket{chain=provider-chain}: broadcasting batch of 1 events chain=provider-chain count=1 height=0-73
2024-07-23T09:30:43.795565Z TRACE ThreadId(13) event_source.websocket{chain=comdex-test3}: received an RPC event: tm.event = 'NewBlock' chain=comdex-test3
2024-07-23T09:30:44.000579Z TRACE ThreadId(13) event_source.websocket{chain=comdex-test3}: assembled batch chain=comdex-test3 len=1
2024-07-23T09:30:44.000621Z TRACE ThreadId(13) event_source.websocket{chain=comdex-test3}: broadcasting batch of 1 events chain=comdex-test3 count=1 height=0-50
2024-07-23T09:30:44.507793Z TRACE ThreadId(09) spawn:chain{chain=provider-chain}:wallet{chain=provider-chain}: wallet balance amount=1499998931531 denom=icsstake account=cosmos1l7hrk5smvnatux7fsutvc0zldj3z8gawhd7ex7
2024-07-23T09:30:44.523664Z TRACE ThreadId(11) spawn:chain{chain=comdex-test3}:wallet{chain=comdex-test3}: wallet balance amount=15000000000000000000000 denom=ucmdx account=comdex1l7hrk5smvnatux7fsutvc0zldj3z8gawszumlf
2024-07-23T09:30:45.681687Z TRACE ThreadId(12) event_source.websocket{chain=provider-chain}: received an RPC event: tm.event = 'NewBlock' chain=provider-chain
2024-07-23T09:30:45.883448Z TRACE ThreadId(12) event_source.websocket{chain=provider-chain}: assembled batch chain=provider-chain len=1
2024-07-23T09:30:45.883503Z TRACE ThreadId(12) event_source.websocket{chain=provider-chain}: broadcasting batch of 1 events chain=provider-chain count=1 height=0-74
2024-07-23T09:30:48.808914Z TRACE ThreadId(13) event_source.websocket{chain=comdex-test3}: received an RPC event: tm.event = 'NewBlock' chain=comdex-test3
2024-07-23T09:30:49.013949Z TRACE ThreadId(13) event_source.websocket{chain=comdex-test3}: assembled batch chain=comdex-test3 len=1
2024-07-23T09:30:49.013994Z TRACE ThreadId(13) event_source.websocket{chain=comdex-test3}: broadcasting batch of 1 events chain=comdex-test3 count=1 height=0-51
2024-07-23T09:30:49.509675Z TRACE ThreadId(09) spawn:chain{chain=provider-chain}:wallet{chain=provider-chain}: wallet balance amount=1499998931531 denom=icsstake account=cosmos1l7hrk5smvnatux7fsutvc0zldj3z8gawhd7ex7
2024-07-23T09:30:49.528455Z TRACE ThreadId(11) spawn:chain{chain=comdex-test3}:wallet{chain=comdex-test3}: wallet balance amount=15000000000000000000000 denom=ucmdx account=comdex1l7hrk5smvnatux7fsutvc0zldj3z8gawszumlf
2024-07-23T09:30:50.695545Z TRACE ThreadId(12) event_source.websocket{chain=provider-chain}: received an RPC event: tm.event = 'NewBlock' chain=provider-chain
2024-07-23T09:30:50.696237Z TRACE ThreadId(12) event_source.websocket{chain=provider-chain}: received an RPC event: message.module = 'ibc_channel' chain=provider-chain
2024-07-23T09:30:50.898989Z TRACE ThreadId(12) event_source.websocket{chain=provider-chain}: assembled batch chain=provider-chain len=2
2024-07-23T09:30:50.899039Z TRACE ThreadId(12) event_source.websocket{chain=provider-chain}: broadcasting batch of 2 events chain=provider-chain count=2 height=0-75
2024-07-23T09:30:50.906326Z TRACE ThreadId(14) worker.batch{chain=provider-chain}:supervisor.handle_batch{chain=provider-chain}:supervisor.process_batch{chain=provider-chain}:control.channel{channel=Channel(ChainId { id: "provider-chain", version: 0 }, PortId("provider"), ChannelId("channel-0"))}: controlling permissions
2024-07-23T09:30:50.907424Z TRACE ThreadId(14) worker.batch{chain=provider-chain}:supervisor.handle_batch{chain=provider-chain}:supervisor.process_batch{chain=provider-chain}:control.channel{channel=Channel(ChainId { id: "provider-chain", version: 0 }, PortId("provider"), ChannelId("channel-0"))}: controlling permissions
2024-07-23T09:30:50.907441Z TRACE ThreadId(14) worker.batch{chain=provider-chain}:supervisor.handle_batch{chain=provider-chain}:supervisor.process_batch{chain=provider-chain}:control.channel{channel=Channel(ChainId { id: "provider-chain", version: 0 }, PortId("provider"), ChannelId("channel-0"))}: cache hit permission=Allow
2024-07-23T09:30:50.907455Z DEBUG ThreadId(14) worker.batch{chain=provider-chain}:supervisor.handle_batch{chain=provider-chain}:supervisor.process_batch{chain=provider-chain}:control.channel{channel=Channel(ChainId { id: "provider-chain", version: 0 }, PortId("provider"), ChannelId("channel-0"))}: computed permission permission=Allow
2024-07-23T09:30:50.909799Z DEBUG ThreadId(14) worker.batch{chain=provider-chain}:supervisor.handle_batch{chain=provider-chain}:supervisor.process_batch{chain=provider-chain}:worker.packet.cmd{src_chain=provider-chain src_port=provider src_channel=channel-0 dst_chain=comdex-test3}: spawning task
2024-07-23T09:30:50.909855Z DEBUG ThreadId(14) worker.batch{chain=provider-chain}:supervisor.handle_batch{chain=provider-chain}:supervisor.process_batch{chain=provider-chain}:worker.packet{src_chain=provider-chain src_port=provider src_channel=channel-0 dst_chain=comdex-test3}: spawning task
2024-07-23T09:30:51.111045Z  INFO ThreadId(19) worker.batch{chain=provider-chain}:supervisor.handle_batch{chain=provider-chain}:supervisor.process_batch{chain=provider-chain}:worker.packet.cmd{src_chain=provider-chain src_port=provider src_channel=channel-0 dst_chain=comdex-test3}: clearing packets
2024-07-23T09:30:51.114860Z DEBUG ThreadId(19) worker.batch{chain=provider-chain}:supervisor.handle_batch{chain=provider-chain}:supervisor.process_batch{chain=provider-chain}:worker.packet.cmd{src_chain=provider-chain src_port=provider src_channel=channel-0 dst_chain=comdex-test3}:schedule_packet_clearing{height=Some(Height { revision: 0, height: 75 })}:relay_pending_packets{height=Some(Height { revision: 0, height: 74 })}:schedule_recv_packet_and_timeout_msgs{query_height=0-74}: sequence numbers of unreceived packets to send to the destination chain out of the ones with commitments on the source chain dst_chain=comdex-test3 src_chain=provider-chain total=1 sequences=1..=1
2024-07-23T09:30:51.116349Z TRACE ThreadId(06) worker.batch{chain=provider-chain}:supervisor.handle_batch{chain=provider-chain}:supervisor.process_batch{chain=provider-chain}:worker.packet.cmd{src_chain=provider-chain src_port=provider src_channel=channel-0 dst_chain=comdex-test3}:schedule_packet_clearing{height=Some(Height { revision: 0, height: 75 })}:relay_pending_packets{height=Some(Height { revision: 0, height: 74 })}:schedule_recv_packet_and_timeout_msgs{query_height=0-74}:query_send_packet_events{chain=provider-chain height=<=0-74 sequences=[1]}: start_block_events []
2024-07-23T09:30:51.116377Z TRACE ThreadId(06) worker.batch{chain=provider-chain}:supervisor.handle_batch{chain=provider-chain}:supervisor.process_batch{chain=provider-chain}:worker.packet.cmd{src_chain=provider-chain src_port=provider src_channel=channel-0 dst_chain=comdex-test3}:schedule_packet_clearing{height=Some(Height { revision: 0, height: 75 })}:relay_pending_packets{height=Some(Height { revision: 0, height: 74 })}:schedule_recv_packet_and_timeout_msgs{query_height=0-74}:query_send_packet_events{chain=provider-chain height=<=0-74 sequences=[1]}: tx_events []
2024-07-23T09:30:51.116382Z TRACE ThreadId(06) worker.batch{chain=provider-chain}:supervisor.handle_batch{chain=provider-chain}:supervisor.process_batch{chain=provider-chain}:worker.packet.cmd{src_chain=provider-chain src_port=provider src_channel=channel-0 dst_chain=comdex-test3}:schedule_packet_clearing{height=Some(Height { revision: 0, height: 75 })}:relay_pending_packets{height=Some(Height { revision: 0, height: 74 })}:schedule_recv_packet_and_timeout_msgs{query_height=0-74}:query_send_packet_events{chain=provider-chain height=<=0-74 sequences=[1]}: end_block_events []
2024-07-23T09:30:51.116464Z  INFO ThreadId(19) worker.batch{chain=provider-chain}:supervisor.handle_batch{chain=provider-chain}:supervisor.process_batch{chain=provider-chain}:worker.packet.cmd{src_chain=provider-chain src_port=provider src_channel=channel-0 dst_chain=comdex-test3}:schedule_packet_clearing{height=Some(Height { revision: 0, height: 75 })}:relay_pending_packets{height=Some(Height { revision: 0, height: 74 })}:schedule_recv_packet_and_timeout_msgs{query_height=0-74}: pulled packet data for 0 events out of 1 sequences: 1..=1; events.total=1 events.left=0
2024-07-23T09:30:51.119120Z DEBUG ThreadId(19) worker.batch{chain=provider-chain}:supervisor.handle_batch{chain=provider-chain}:supervisor.process_batch{chain=provider-chain}:worker.packet.cmd{src_chain=provider-chain src_port=provider src_channel=channel-0 dst_chain=comdex-test3}:schedule_packet_clearing{height=Some(Height { revision: 0, height: 75 })}: done relaying pending packets at clear height height=Some(Height { revision: 0, height: 74 })
2024-07-23T09:30:51.120746Z TRACE ThreadId(19) worker.batch{chain=provider-chain}:supervisor.handle_batch{chain=provider-chain}:supervisor.process_batch{chain=provider-chain}:worker.packet.cmd{src_chain=provider-chain src_port=provider src_channel=channel-0 dst_chain=comdex-test3}:update_schedule{batch.tracking_id=e9976e7b batch.height=0-75}:generate_operational_data{tracking_id=e9976e7b}: processing event event=SendPacket(SendPacket { packet: seq:1, path:channel-0/provider->channel-0/consumer, toh:no timeout, tos:2024-08-20T09:30:45.675097784Z) }) at height 0-75
2024-07-23T09:30:51.120787Z TRACE ThreadId(19) worker.batch{chain=provider-chain}:supervisor.handle_batch{chain=provider-chain}:supervisor.process_batch{chain=provider-chain}:worker.packet.cmd{src_chain=provider-chain src_port=provider src_channel=channel-0 dst_chain=comdex-test3}:update_schedule{batch.tracking_id=e9976e7b batch.height=0-75}:generate_operational_data{tracking_id=e9976e7b}:check_ics20_fields_size{memo_limit=Ics20FieldSizeLimit { enabled: true, size: Byte(32768) } receiver_limit=Ics20FieldSizeLimit { enabled: true, size: Byte(2048) }}: failed to decode ICS20 packet data with error `unknown field `validator_updates`, expected one of `denom`, `amount`, `sender`, `receiver`, `memo` at line 1 column 20`
2024-07-23T09:30:51.126008Z TRACE ThreadId(19) worker.batch{chain=provider-chain}:supervisor.handle_batch{chain=provider-chain}:supervisor.process_batch{chain=provider-chain}:worker.packet.cmd{src_chain=provider-chain src_port=provider src_channel=channel-0 dst_chain=comdex-test3}:update_schedule{batch.tracking_id=e9976e7b batch.height=0-75}:generate_operational_data{tracking_id=e9976e7b}: built recv_packet msg packet=seq:1, path:channel-0/provider->channel-0/consumer, toh:no timeout, tos:2024-08-20T09:30:45.675097784Z) height=0-76
2024-07-23T09:30:51.126040Z TRACE ThreadId(19) worker.batch{chain=provider-chain}:supervisor.handle_batch{chain=provider-chain}:supervisor.process_batch{chain=provider-chain}:worker.packet.cmd{src_chain=provider-chain src_port=provider src_channel=channel-0 dst_chain=comdex-test3}:update_schedule{batch.tracking_id=e9976e7b batch.height=0-75}:generate_operational_data{tracking_id=e9976e7b}: collected event msg.type_url=/ibc.core.channel.v1.MsgRecvPacket event=SendPacket(SendPacket { packet: seq:1, path:channel-0/provider->channel-0/consumer, toh:no timeout, tos:2024-08-20T09:30:45.675097784Z) }) at height 0-75
2024-07-23T09:30:51.126056Z DEBUG ThreadId(19) worker.batch{chain=provider-chain}:supervisor.handle_batch{chain=provider-chain}:supervisor.process_batch{chain=provider-chain}:worker.packet.cmd{src_chain=provider-chain src_port=provider src_channel=channel-0 dst_chain=comdex-test3}:update_schedule{batch.tracking_id=e9976e7b batch.height=0-75}:schedule{odata=e9976e7b ->Destination @0-75; len=1}: connection delay need not be taken into account: client update message will be prepended later
2024-07-23T09:30:51.130362Z DEBUG ThreadId(19) worker.batch{chain=provider-chain}:supervisor.handle_batch{chain=provider-chain}:supervisor.process_batch{chain=provider-chain}:worker.packet.cmd{src_chain=provider-chain src_port=provider src_channel=channel-0 dst_chain=comdex-test3}:relay{odata=e9976e7b ->Destination @0-75; len=1}: retrying retry.current=1 retry.max=5
2024-07-23T09:30:51.130409Z DEBUG ThreadId(19) worker.batch{chain=provider-chain}:supervisor.handle_batch{chain=provider-chain}:supervisor.process_batch{chain=provider-chain}:worker.packet.cmd{src_chain=provider-chain src_port=provider src_channel=channel-0 dst_chain=comdex-test3}:relay{odata=e9976e7b ->Destination @0-75; len=1}: prepending Destination client update at height 0-76
2024-07-23T09:30:53.807442Z TRACE ThreadId(13) event_source.websocket{chain=comdex-test3}: received an RPC event: tm.event = 'NewBlock' chain=comdex-test3
2024-07-23T09:30:54.008848Z TRACE ThreadId(13) event_source.websocket{chain=comdex-test3}: assembled batch chain=comdex-test3 len=1
2024-07-23T09:30:54.008906Z TRACE ThreadId(13) event_source.websocket{chain=comdex-test3}: broadcasting batch of 1 events chain=comdex-test3 count=1 height=0-52
2024-07-23T09:30:54.512742Z TRACE ThreadId(09) spawn:chain{chain=provider-chain}:wallet{chain=provider-chain}: wallet balance amount=1499998931531 denom=icsstake account=cosmos1l7hrk5smvnatux7fsutvc0zldj3z8gawhd7ex7
2024-07-23T09:30:54.531871Z TRACE ThreadId(11) spawn:chain{chain=comdex-test3}:wallet{chain=comdex-test3}: wallet balance amount=15000000000000000000000 denom=ucmdx account=comdex1l7hrk5smvnatux7fsutvc0zldj3z8gawszumlf
2024-07-23T09:30:55.689030Z TRACE ThreadId(12) event_source.websocket{chain=provider-chain}: received an RPC event: tm.event = 'NewBlock' chain=provider-chain
2024-07-23T09:30:55.787076Z TRACE ThreadId(06) worker.batch{chain=provider-chain}:supervisor.handle_batch{chain=provider-chain}:supervisor.process_batch{chain=provider-chain}:worker.packet.cmd{src_chain=provider-chain src_port=provider src_channel=channel-0 dst_chain=comdex-test3}:relay{odata=e9976e7b ->Destination @0-75; len=1}:foreign_client.wait_and_build_update_client_with_trusted{client=provider-chain->comdex-test3:07-tendermint-0 target_height=0-76}:foreign_client.build_update_client_with_trusted{client=provider-chain->comdex-test3:07-tendermint-0 target_height=0-76}: light client verification trusted_height=0-66 target_height=0-76
2024-07-23T09:30:55.790140Z TRACE ThreadId(06) worker.batch{chain=provider-chain}:supervisor.handle_batch{chain=provider-chain}:supervisor.process_batch{chain=provider-chain}:worker.packet.cmd{src_chain=provider-chain src_port=provider src_channel=channel-0 dst_chain=comdex-test3}:relay{odata=e9976e7b ->Destination @0-75; len=1}:foreign_client.wait_and_build_update_client_with_trusted{client=provider-chain->comdex-test3:07-tendermint-0 target_height=0-76}:foreign_client.build_update_client_with_trusted{client=provider-chain->comdex-test3:07-tendermint-0 target_height=0-76}: adjusting headers with 0 supporting headers trusted=0-66 target=76
2024-07-23T09:30:55.790166Z TRACE ThreadId(06) worker.batch{chain=provider-chain}:supervisor.handle_batch{chain=provider-chain}:supervisor.process_batch{chain=provider-chain}:worker.packet.cmd{src_chain=provider-chain src_port=provider src_channel=channel-0 dst_chain=comdex-test3}:relay{odata=e9976e7b ->Destination @0-75; len=1}:foreign_client.wait_and_build_update_client_with_trusted{client=provider-chain->comdex-test3:07-tendermint-0 target_height=0-76}:foreign_client.build_update_client_with_trusted{client=provider-chain->comdex-test3:07-tendermint-0 target_height=0-76}: fetching header height=0-67
2024-07-23T09:30:55.793759Z DEBUG ThreadId(19) worker.batch{chain=provider-chain}:supervisor.handle_batch{chain=provider-chain}:supervisor.process_batch{chain=provider-chain}:worker.packet.cmd{src_chain=provider-chain src_port=provider src_channel=channel-0 dst_chain=comdex-test3}:relay{odata=e9976e7b ->Destination @0-75; len=1}:foreign_client.wait_and_build_update_client_with_trusted{client=provider-chain->comdex-test3:07-tendermint-0 target_height=0-76}:foreign_client.build_update_client_with_trusted{client=provider-chain->comdex-test3:07-tendermint-0 target_height=0-76}: building a MsgUpdateAnyClient from trusted height 0-66 to target height 0-76
2024-07-23T09:30:55.793801Z  INFO ThreadId(19) worker.batch{chain=provider-chain}:supervisor.handle_batch{chain=provider-chain}:supervisor.process_batch{chain=provider-chain}:worker.packet.cmd{src_chain=provider-chain src_port=provider src_channel=channel-0 dst_chain=comdex-test3}:relay{odata=e9976e7b ->Destination @0-75; len=1}: assembled batch of 2 message(s)
2024-07-23T09:30:55.795697Z DEBUG ThreadId(07) worker.batch{chain=provider-chain}:supervisor.handle_batch{chain=provider-chain}:supervisor.process_batch{chain=provider-chain}:worker.packet.cmd{src_chain=provider-chain src_port=provider src_channel=channel-0 dst_chain=comdex-test3}:relay{odata=e9976e7b ->Destination @0-75; len=1}:send_messages_and_wait_check_tx{chain=comdex-test3 tracking_id=e9976e7b}:send_tx_with_account_sequence_retry{chain=comdex-test3 account.sequence=5}: max fee, for use in tx simulation: Fee { amount: "225001ucmdx", gas_limit: 9000000 }
2024-07-23T09:30:55.798889Z DEBUG ThreadId(07) worker.batch{chain=provider-chain}:supervisor.handle_batch{chain=provider-chain}:supervisor.process_batch{chain=provider-chain}:worker.packet.cmd{src_chain=provider-chain src_port=provider src_channel=channel-0 dst_chain=comdex-test3}:relay{odata=e9976e7b ->Destination @0-75; len=1}:send_messages_and_wait_check_tx{chain=comdex-test3 tracking_id=e9976e7b}:send_tx_with_account_sequence_retry{chain=comdex-test3 account.sequence=5}:estimate_gas: tx simulation successful, gas amount used: 144213
2024-07-23T09:30:55.798933Z DEBUG ThreadId(07) worker.batch{chain=provider-chain}:supervisor.handle_batch{chain=provider-chain}:supervisor.process_batch{chain=provider-chain}:worker.packet.cmd{src_chain=provider-chain src_port=provider src_channel=channel-0 dst_chain=comdex-test3}:relay{odata=e9976e7b ->Destination @0-75; len=1}:send_messages_and_wait_check_tx{chain=comdex-test3 tracking_id=e9976e7b}:send_tx_with_account_sequence_retry{chain=comdex-test3 account.sequence=5}: send_tx: using 144213 gas, fee Fee { amount: "5408ucmdx", gas_limit: 216319 } id=comdex-test3
2024-07-23T09:30:55.802122Z DEBUG ThreadId(07) worker.batch{chain=provider-chain}:supervisor.handle_batch{chain=provider-chain}:supervisor.process_batch{chain=provider-chain}:worker.packet.cmd{src_chain=provider-chain src_port=provider src_channel=channel-0 dst_chain=comdex-test3}:relay{odata=e9976e7b ->Destination @0-75; len=1}:send_messages_and_wait_check_tx{chain=comdex-test3 tracking_id=e9976e7b}:send_tx_with_account_sequence_retry{chain=comdex-test3 account.sequence=5}: gas estimation succeeded
2024-07-23T09:30:55.802160Z DEBUG ThreadId(07) worker.batch{chain=provider-chain}:supervisor.handle_batch{chain=provider-chain}:supervisor.process_batch{chain=provider-chain}:worker.packet.cmd{src_chain=provider-chain src_port=provider src_channel=channel-0 dst_chain=comdex-test3}:relay{odata=e9976e7b ->Destination @0-75; len=1}:send_messages_and_wait_check_tx{chain=comdex-test3 tracking_id=e9976e7b}:send_tx_with_account_sequence_retry{chain=comdex-test3 account.sequence=5}: tx was successfully broadcasted, increasing account sequence number response=Response { codespace: "", code: Ok, data: b"", log: "[]", hash: Hash::Sha256(D409524FBFAFF7E77D585E5EF4A864F87DBA03C990E96F7C363A6B88566F8530) } account.sequence.old=5 account.sequence.new=6
2024-07-23T09:30:55.802207Z  INFO ThreadId(19) worker.batch{chain=provider-chain}:supervisor.handle_batch{chain=provider-chain}:supervisor.process_batch{chain=provider-chain}:worker.packet.cmd{src_chain=provider-chain src_port=provider src_channel=channel-0 dst_chain=comdex-test3}:relay{odata=e9976e7b ->Destination @0-75; len=1}: response(s): 1; Ok:D409524FBFAFF7E77D585E5EF4A864F87DBA03C990E96F7C363A6B88566F8530 target_chain=comdex-test3
2024-07-23T09:30:55.802217Z  INFO ThreadId(19) worker.batch{chain=provider-chain}:supervisor.handle_batch{chain=provider-chain}:supervisor.process_batch{chain=provider-chain}:worker.packet.cmd{src_chain=provider-chain src_port=provider src_channel=channel-0 dst_chain=comdex-test3}:relay{odata=e9976e7b ->Destination @0-75; len=1}: submitted
2024-07-23T09:30:55.802257Z TRACE ThreadId(19) worker.batch{chain=provider-chain}:supervisor.handle_batch{chain=provider-chain}:supervisor.process_batch{chain=provider-chain}:worker.packet.cmd{src_chain=provider-chain src_port=provider src_channel=channel-0 dst_chain=comdex-test3}:processing pending tx{chain=comdex-test3 counterparty_chain=provider-chain port=consumer channel=channel-0}: trying to confirm TxHashes: count=1; D409524FBFAFF7E77D585E5EF4A864F87DBA03C990E96F7C363A6B88566F8530 
2024-07-23T09:30:55.802797Z TRACE ThreadId(19) worker.batch{chain=provider-chain}:supervisor.handle_batch{chain=provider-chain}:supervisor.process_batch{chain=provider-chain}:worker.packet.cmd{src_chain=provider-chain src_port=provider src_channel=channel-0 dst_chain=comdex-test3}:processing pending tx{chain=comdex-test3 counterparty_chain=provider-chain port=consumer channel=channel-0}: transaction is not yet committed: TxHashes: count=1; D409524FBFAFF7E77D585E5EF4A864F87DBA03C990E96F7C363A6B88566F8530 
2024-07-23T09:30:55.802814Z TRACE ThreadId(19) worker.batch{chain=provider-chain}:supervisor.handle_batch{chain=provider-chain}:supervisor.process_batch{chain=provider-chain}:worker.packet.cmd{src_chain=provider-chain src_port=provider src_channel=channel-0 dst_chain=comdex-test3}:processing pending tx{chain=comdex-test3 counterparty_chain=provider-chain port=consumer channel=channel-0}: total pending transactions left: 1
2024-07-23T09:30:55.802828Z TRACE ThreadId(19) worker.batch{chain=provider-chain}:supervisor.handle_batch{chain=provider-chain}:supervisor.process_batch{chain=provider-chain}:worker.packet.cmd{src_chain=provider-chain src_port=provider src_channel=channel-0 dst_chain=comdex-test3}: packet worker processed an event batch, resetting idle timer
2024-07-23T09:30:55.802866Z TRACE ThreadId(20) worker.batch{chain=provider-chain}:supervisor.handle_batch{chain=provider-chain}:supervisor.process_batch{chain=provider-chain}:worker.packet{src_chain=provider-chain src_port=provider src_channel=channel-0 dst_chain=comdex-test3}:processing pending tx{chain=comdex-test3 counterparty_chain=provider-chain port=consumer channel=channel-0}: trying to confirm TxHashes: count=1; D409524FBFAFF7E77D585E5EF4A864F87DBA03C990E96F7C363A6B88566F8530 
2024-07-23T09:30:55.803427Z TRACE ThreadId(20) worker.batch{chain=provider-chain}:supervisor.handle_batch{chain=provider-chain}:supervisor.process_batch{chain=provider-chain}:worker.packet{src_chain=provider-chain src_port=provider src_channel=channel-0 dst_chain=comdex-test3}:processing pending tx{chain=comdex-test3 counterparty_chain=provider-chain port=consumer channel=channel-0}: transaction is not yet committed: TxHashes: count=1; D409524FBFAFF7E77D585E5EF4A864F87DBA03C990E96F7C363A6B88566F8530 
2024-07-23T09:30:55.803439Z TRACE ThreadId(20) worker.batch{chain=provider-chain}:supervisor.handle_batch{chain=provider-chain}:supervisor.process_batch{chain=provider-chain}:worker.packet{src_chain=provider-chain src_port=provider src_channel=channel-0 dst_chain=comdex-test3}:processing pending tx{chain=comdex-test3 counterparty_chain=provider-chain port=consumer channel=channel-0}: total pending transactions left: 1
2024-07-23T09:30:55.890315Z TRACE ThreadId(12) event_source.websocket{chain=provider-chain}: assembled batch chain=provider-chain len=1
2024-07-23T09:30:55.890353Z TRACE ThreadId(12) event_source.websocket{chain=provider-chain}: broadcasting batch of 1 events chain=provider-chain count=1 height=0-76
2024-07-23T09:30:56.002905Z TRACE ThreadId(19) worker.batch{chain=provider-chain}:supervisor.handle_batch{chain=provider-chain}:supervisor.process_batch{chain=provider-chain}:worker.packet.cmd{src_chain=provider-chain src_port=provider src_channel=channel-0 dst_chain=comdex-test3}: packet worker has not processed an event batch after 1 blocks, incrementing idle timer
2024-07-23T09:30:56.803549Z TRACE ThreadId(20) worker.batch{chain=provider-chain}:supervisor.handle_batch{chain=provider-chain}:supervisor.process_batch{chain=provider-chain}:worker.packet{src_chain=provider-chain src_port=provider src_channel=channel-0 dst_chain=comdex-test3}:processing pending tx{chain=comdex-test3 counterparty_chain=provider-chain port=consumer channel=channel-0}: trying to confirm TxHashes: count=1; D409524FBFAFF7E77D585E5EF4A864F87DBA03C990E96F7C363A6B88566F8530 
2024-07-23T09:30:56.804571Z TRACE ThreadId(20) worker.batch{chain=provider-chain}:supervisor.handle_batch{chain=provider-chain}:supervisor.process_batch{chain=provider-chain}:worker.packet{src_chain=provider-chain src_port=provider src_channel=channel-0 dst_chain=comdex-test3}:processing pending tx{chain=comdex-test3 counterparty_chain=provider-chain port=consumer channel=channel-0}: transaction is not yet committed: TxHashes: count=1; D409524FBFAFF7E77D585E5EF4A864F87DBA03C990E96F7C363A6B88566F8530 
2024-07-23T09:30:56.804595Z TRACE ThreadId(20) worker.batch{chain=provider-chain}:supervisor.handle_batch{chain=provider-chain}:supervisor.process_batch{chain=provider-chain}:worker.packet{src_chain=provider-chain src_port=provider src_channel=channel-0 dst_chain=comdex-test3}:processing pending tx{chain=comdex-test3 counterparty_chain=provider-chain port=consumer channel=channel-0}: total pending transactions left: 1
2024-07-23T09:30:57.808571Z TRACE ThreadId(20) worker.batch{chain=provider-chain}:supervisor.handle_batch{chain=provider-chain}:supervisor.process_batch{chain=provider-chain}:worker.packet{src_chain=provider-chain src_port=provider src_channel=channel-0 dst_chain=comdex-test3}:processing pending tx{chain=comdex-test3 counterparty_chain=provider-chain port=consumer channel=channel-0}: trying to confirm TxHashes: count=1; D409524FBFAFF7E77D585E5EF4A864F87DBA03C990E96F7C363A6B88566F8530 
2024-07-23T09:30:57.809567Z TRACE ThreadId(20) worker.batch{chain=provider-chain}:supervisor.handle_batch{chain=provider-chain}:supervisor.process_batch{chain=provider-chain}:worker.packet{src_chain=provider-chain src_port=provider src_channel=channel-0 dst_chain=comdex-test3}:processing pending tx{chain=comdex-test3 counterparty_chain=provider-chain port=consumer channel=channel-0}: transaction is not yet committed: TxHashes: count=1; D409524FBFAFF7E77D585E5EF4A864F87DBA03C990E96F7C363A6B88566F8530 
2024-07-23T09:30:57.809601Z TRACE ThreadId(20) worker.batch{chain=provider-chain}:supervisor.handle_batch{chain=provider-chain}:supervisor.process_batch{chain=provider-chain}:worker.packet{src_chain=provider-chain src_port=provider src_channel=channel-0 dst_chain=comdex-test3}:processing pending tx{chain=comdex-test3 counterparty_chain=provider-chain port=consumer channel=channel-0}: total pending transactions left: 1
2024-07-23T09:30:58.809862Z TRACE ThreadId(20) worker.batch{chain=provider-chain}:supervisor.handle_batch{chain=provider-chain}:supervisor.process_batch{chain=provider-chain}:worker.packet{src_chain=provider-chain src_port=provider src_channel=channel-0 dst_chain=comdex-test3}:processing pending tx{chain=comdex-test3 counterparty_chain=provider-chain port=consumer channel=channel-0}: trying to confirm TxHashes: count=1; D409524FBFAFF7E77D585E5EF4A864F87DBA03C990E96F7C363A6B88566F8530 
2024-07-23T09:30:58.810867Z TRACE ThreadId(20) worker.batch{chain=provider-chain}:supervisor.handle_batch{chain=provider-chain}:supervisor.process_batch{chain=provider-chain}:worker.packet{src_chain=provider-chain src_port=provider src_channel=channel-0 dst_chain=comdex-test3}:processing pending tx{chain=comdex-test3 counterparty_chain=provider-chain port=consumer channel=channel-0}: transaction is not yet committed: TxHashes: count=1; D409524FBFAFF7E77D585E5EF4A864F87DBA03C990E96F7C363A6B88566F8530 
2024-07-23T09:30:58.810888Z TRACE ThreadId(20) worker.batch{chain=provider-chain}:supervisor.handle_batch{chain=provider-chain}:supervisor.process_batch{chain=provider-chain}:worker.packet{src_chain=provider-chain src_port=provider src_channel=channel-0 dst_chain=comdex-test3}:processing pending tx{chain=comdex-test3 counterparty_chain=provider-chain port=consumer channel=channel-0}: total pending transactions left: 1
2024-07-23T09:30:58.825938Z TRACE ThreadId(13) event_source.websocket{chain=comdex-test3}: received an RPC event: tm.event = 'NewBlock' chain=comdex-test3
2024-07-23T09:30:58.826923Z TRACE ThreadId(13) event_source.websocket{chain=comdex-test3}: received an RPC event: message.module = 'ibc_channel' chain=comdex-test3
2024-07-23T09:30:58.827371Z TRACE ThreadId(13) event_source.websocket{chain=comdex-test3}:ibc_channel event: extracted WriteAcknowledgement(WriteAcknowledgement { packet: seq:1, path:channel-0/provider->channel-0/consumer, toh:no timeout, tos:2024-08-20T09:30:45.675097784Z), ack: [ 123, 34, 114, 101, 115, 117, 108, 116, 34, 58, 34, 65, 81, 61, 61, 34, 125 ] })
2024-07-23T09:30:58.827631Z TRACE ThreadId(13) event_source.websocket{chain=comdex-test3}: received an RPC event: message.module = 'ibc_client' chain=comdex-test3
2024-07-23T09:30:58.827927Z TRACE ThreadId(13) event_source.websocket{chain=comdex-test3}: extracted ibc_client event UpdateClient(UpdateClient { Attributes { client_id: 07-tendermint-0, client_type: ClientType(07-tendermint), consensus_height: 0-76 } })
2024-07-23T09:30:59.028864Z TRACE ThreadId(13) event_source.websocket{chain=comdex-test3}: assembled batch chain=comdex-test3 len=3
2024-07-23T09:30:59.028904Z TRACE ThreadId(13) event_source.websocket{chain=comdex-test3}: broadcasting batch of 3 events chain=comdex-test3 count=3 height=0-53
2024-07-23T09:30:59.032635Z TRACE ThreadId(15) worker.batch{chain=comdex-test3}:supervisor.handle_batch{chain=comdex-test3}:supervisor.process_batch{chain=comdex-test3}: controlling permissions
2024-07-23T09:30:59.032652Z TRACE ThreadId(15) worker.batch{chain=comdex-test3}:supervisor.handle_batch{chain=comdex-test3}:supervisor.process_batch{chain=comdex-test3}: cache hit permission=Allow
2024-07-23T09:30:59.032663Z TRACE ThreadId(15) worker.batch{chain=comdex-test3}:supervisor.handle_batch{chain=comdex-test3}:supervisor.process_batch{chain=comdex-test3}:control.channel{channel=Channel(ChainId { id: "comdex-test3", version: 0 }, PortId("consumer"), ChannelId("channel-0"))}: controlling permissions
2024-07-23T09:30:59.032680Z TRACE ThreadId(15) worker.batch{chain=comdex-test3}:supervisor.handle_batch{chain=comdex-test3}:supervisor.process_batch{chain=comdex-test3}:control.channel{channel=Channel(ChainId { id: "comdex-test3", version: 0 }, PortId("consumer"), ChannelId("channel-0"))}: controlling permissions
2024-07-23T09:30:59.032682Z TRACE ThreadId(15) worker.batch{chain=comdex-test3}:supervisor.handle_batch{chain=comdex-test3}:supervisor.process_batch{chain=comdex-test3}:control.channel{channel=Channel(ChainId { id: "comdex-test3", version: 0 }, PortId("consumer"), ChannelId("channel-0"))}: cache hit permission=Allow
2024-07-23T09:30:59.032685Z DEBUG ThreadId(15) worker.batch{chain=comdex-test3}:supervisor.handle_batch{chain=comdex-test3}:supervisor.process_batch{chain=comdex-test3}:control.channel{channel=Channel(ChainId { id: "comdex-test3", version: 0 }, PortId("consumer"), ChannelId("channel-0"))}: computed permission permission=Allow
2024-07-23T09:30:59.032713Z DEBUG ThreadId(15) worker.batch{chain=comdex-test3}:supervisor.handle_batch{chain=comdex-test3}:supervisor.process_batch{chain=comdex-test3}:worker.packet.cmd{src_chain=comdex-test3 src_port=consumer src_channel=channel-0 dst_chain=provider-chain}: spawning task
2024-07-23T09:30:59.032757Z DEBUG ThreadId(15) worker.batch{chain=comdex-test3}:supervisor.handle_batch{chain=comdex-test3}:supervisor.process_batch{chain=comdex-test3}:worker.packet{src_chain=comdex-test3 src_port=consumer src_channel=channel-0 dst_chain=provider-chain}: spawning task
2024-07-23T09:30:59.033326Z  INFO ThreadId(30) worker.batch{chain=comdex-test3}:supervisor.handle_batch{chain=comdex-test3}:supervisor.process_batch{chain=comdex-test3}:worker.packet.cmd{src_chain=comdex-test3 src_port=consumer src_channel=channel-0 dst_chain=provider-chain}: clearing packets
2024-07-23T09:30:59.037264Z DEBUG ThreadId(30) worker.batch{chain=comdex-test3}:supervisor.handle_batch{chain=comdex-test3}:supervisor.process_batch{chain=comdex-test3}:worker.packet.cmd{src_chain=comdex-test3 src_port=consumer src_channel=channel-0 dst_chain=provider-chain}:schedule_packet_clearing{height=Some(Height { revision: 0, height: 53 })}:relay_pending_packets{height=Some(Height { revision: 0, height: 52 })}:build_packet_ack_msgs{query_height=0-52}: sequence numbers of ack packets to send to the destination chain out of the ones with acknowledgments on the source chain dst_chain=provider-chain src_chain=comdex-test3 total=1 sequences=1..=1
2024-07-23T09:30:59.039221Z TRACE ThreadId(07) worker.batch{chain=comdex-test3}:supervisor.handle_batch{chain=comdex-test3}:supervisor.process_batch{chain=comdex-test3}:worker.packet.cmd{src_chain=comdex-test3 src_port=consumer src_channel=channel-0 dst_chain=provider-chain}:schedule_packet_clearing{height=Some(Height { revision: 0, height: 53 })}:relay_pending_packets{height=Some(Height { revision: 0, height: 52 })}:build_packet_ack_msgs{query_height=0-52}:query_write_ack_packet_events{chain=comdex-test3 height=<=0-52 sequences=[1]}: start_block_events []
2024-07-23T09:30:59.039240Z TRACE ThreadId(07) worker.batch{chain=comdex-test3}:supervisor.handle_batch{chain=comdex-test3}:supervisor.process_batch{chain=comdex-test3}:worker.packet.cmd{src_chain=comdex-test3 src_port=consumer src_channel=channel-0 dst_chain=provider-chain}:schedule_packet_clearing{height=Some(Height { revision: 0, height: 53 })}:relay_pending_packets{height=Some(Height { revision: 0, height: 52 })}:build_packet_ack_msgs{query_height=0-52}:query_write_ack_packet_events{chain=comdex-test3 height=<=0-52 sequences=[1]}: tx_events []
2024-07-23T09:30:59.039244Z TRACE ThreadId(07) worker.batch{chain=comdex-test3}:supervisor.handle_batch{chain=comdex-test3}:supervisor.process_batch{chain=comdex-test3}:worker.packet.cmd{src_chain=comdex-test3 src_port=consumer src_channel=channel-0 dst_chain=provider-chain}:schedule_packet_clearing{height=Some(Height { revision: 0, height: 53 })}:relay_pending_packets{height=Some(Height { revision: 0, height: 52 })}:build_packet_ack_msgs{query_height=0-52}:query_write_ack_packet_events{chain=comdex-test3 height=<=0-52 sequences=[1]}: end_block_events []
2024-07-23T09:30:59.039277Z  INFO ThreadId(30) worker.batch{chain=comdex-test3}:supervisor.handle_batch{chain=comdex-test3}:supervisor.process_batch{chain=comdex-test3}:worker.packet.cmd{src_chain=comdex-test3 src_port=consumer src_channel=channel-0 dst_chain=provider-chain}:schedule_packet_clearing{height=Some(Height { revision: 0, height: 53 })}:relay_pending_packets{height=Some(Height { revision: 0, height: 52 })}:build_packet_ack_msgs{query_height=0-52}: pulled packet data for 0 events out of 1 sequences: 1..=1; events.total=1 events.left=0
2024-07-23T09:30:59.039290Z DEBUG ThreadId(30) worker.batch{chain=comdex-test3}:supervisor.handle_batch{chain=comdex-test3}:supervisor.process_batch{chain=comdex-test3}:worker.packet.cmd{src_chain=comdex-test3 src_port=consumer src_channel=channel-0 dst_chain=provider-chain}:schedule_packet_clearing{height=Some(Height { revision: 0, height: 53 })}: done relaying pending packets at clear height height=Some(Height { revision: 0, height: 52 })
2024-07-23T09:30:59.040285Z TRACE ThreadId(30) worker.batch{chain=comdex-test3}:supervisor.handle_batch{chain=comdex-test3}:supervisor.process_batch{chain=comdex-test3}:worker.packet.cmd{src_chain=comdex-test3 src_port=consumer src_channel=channel-0 dst_chain=provider-chain}:update_schedule{batch.tracking_id=bcaccb3d batch.height=0-53}:generate_operational_data{tracking_id=bcaccb3d}: processing event event=WriteAcknowledgement(WriteAcknowledgement { packet: seq:1, path:channel-0/provider->channel-0/consumer, toh:no timeout, tos:2024-08-20T09:30:45.675097784Z), ack: [ 123, 34, 114, 101, 115, 117, 108, 116, 34, 58, 34, 65, 81, 61, 61, 34, 125 ] }) at height 0-53
2024-07-23T09:30:59.040321Z TRACE ThreadId(30) worker.batch{chain=comdex-test3}:supervisor.handle_batch{chain=comdex-test3}:supervisor.process_batch{chain=comdex-test3}:worker.packet.cmd{src_chain=comdex-test3 src_port=consumer src_channel=channel-0 dst_chain=provider-chain}:update_schedule{batch.tracking_id=bcaccb3d batch.height=0-53}:generate_operational_data{tracking_id=bcaccb3d}:check_ics20_fields_size{memo_limit=Ics20FieldSizeLimit { enabled: true, size: Byte(32768) } receiver_limit=Ics20FieldSizeLimit { enabled: true, size: Byte(2048) }}: failed to decode ICS20 packet data with error `unknown field `validator_updates`, expected one of `denom`, `amount`, `sender`, `receiver`, `memo` at line 1 column 20`
2024-07-23T09:30:59.042563Z TRACE ThreadId(30) worker.batch{chain=comdex-test3}:supervisor.handle_batch{chain=comdex-test3}:supervisor.process_batch{chain=comdex-test3}:worker.packet.cmd{src_chain=comdex-test3 src_port=consumer src_channel=channel-0 dst_chain=provider-chain}:update_schedule{batch.tracking_id=bcaccb3d batch.height=0-53}:generate_operational_data{tracking_id=bcaccb3d}: built acknowledgment msg packet=seq:1, path:channel-0/provider->channel-0/consumer, toh:no timeout, tos:2024-08-20T09:30:45.675097784Z) height=0-54
2024-07-23T09:30:59.042591Z TRACE ThreadId(30) worker.batch{chain=comdex-test3}:supervisor.handle_batch{chain=comdex-test3}:supervisor.process_batch{chain=comdex-test3}:worker.packet.cmd{src_chain=comdex-test3 src_port=consumer src_channel=channel-0 dst_chain=provider-chain}:update_schedule{batch.tracking_id=bcaccb3d batch.height=0-53}:generate_operational_data{tracking_id=bcaccb3d}: collected event msg.type_url=/ibc.core.channel.v1.MsgAcknowledgement event=WriteAcknowledgement(WriteAcknowledgement { packet: seq:1, path:channel-0/provider->channel-0/consumer, toh:no timeout, tos:2024-08-20T09:30:45.675097784Z), ack: [ 123, 34, 114, 101, 115, 117, 108, 116, 34, 58, 34, 65, 81, 61, 61, 34, 125 ] }) at height 0-53
2024-07-23T09:30:59.042609Z DEBUG ThreadId(30) worker.batch{chain=comdex-test3}:supervisor.handle_batch{chain=comdex-test3}:supervisor.process_batch{chain=comdex-test3}:worker.packet.cmd{src_chain=comdex-test3 src_port=consumer src_channel=channel-0 dst_chain=provider-chain}:update_schedule{batch.tracking_id=bcaccb3d batch.height=0-53}:schedule{odata=bcaccb3d ->Destination @0-53; len=1}: connection delay need not be taken into account: client update message will be prepended later
2024-07-23T09:30:59.044613Z DEBUG ThreadId(30) worker.batch{chain=comdex-test3}:supervisor.handle_batch{chain=comdex-test3}:supervisor.process_batch{chain=comdex-test3}:worker.packet.cmd{src_chain=comdex-test3 src_port=consumer src_channel=channel-0 dst_chain=provider-chain}:relay{odata=bcaccb3d ->Destination @0-53; len=1}: retrying retry.current=1 retry.max=5
2024-07-23T09:30:59.044649Z DEBUG ThreadId(30) worker.batch{chain=comdex-test3}:supervisor.handle_batch{chain=comdex-test3}:supervisor.process_batch{chain=comdex-test3}:worker.packet.cmd{src_chain=comdex-test3 src_port=consumer src_channel=channel-0 dst_chain=provider-chain}:relay{odata=bcaccb3d ->Destination @0-53; len=1}: prepending Destination client update at height 0-54
2024-07-23T09:30:59.516220Z TRACE ThreadId(09) spawn:chain{chain=provider-chain}:wallet{chain=provider-chain}: wallet balance amount=1499998931531 denom=icsstake account=cosmos1l7hrk5smvnatux7fsutvc0zldj3z8gawhd7ex7
2024-07-23T09:30:59.534617Z TRACE ThreadId(11) spawn:chain{chain=comdex-test3}:wallet{chain=comdex-test3}: wallet balance amount=15000000000000000000000 denom=ucmdx account=comdex1l7hrk5smvnatux7fsutvc0zldj3z8gawszumlf
2024-07-23T09:30:59.810988Z TRACE ThreadId(20) worker.batch{chain=provider-chain}:supervisor.handle_batch{chain=provider-chain}:supervisor.process_batch{chain=provider-chain}:worker.packet{src_chain=provider-chain src_port=provider src_channel=channel-0 dst_chain=comdex-test3}:processing pending tx{chain=comdex-test3 counterparty_chain=provider-chain port=consumer channel=channel-0}: trying to confirm TxHashes: count=1; D409524FBFAFF7E77D585E5EF4A864F87DBA03C990E96F7C363A6B88566F8530 
2024-07-23T09:30:59.812570Z DEBUG ThreadId(20) worker.batch{chain=provider-chain}:supervisor.handle_batch{chain=provider-chain}:supervisor.process_batch{chain=provider-chain}:worker.packet{src_chain=provider-chain src_port=provider src_channel=channel-0 dst_chain=comdex-test3}:processing pending tx{chain=comdex-test3 counterparty_chain=provider-chain port=consumer channel=channel-0}: transactions confirmed tracking_id=e9976e7b elapsed=4.01031856s tx_hashes=TxHashes: count=1; D409524FBFAFF7E77D585E5EF4A864F87DBA03C990E96F7C363A6B88566F8530
2024-07-23T09:30:59.812652Z TRACE ThreadId(20) worker.batch{chain=provider-chain}:supervisor.handle_batch{chain=provider-chain}:supervisor.process_batch{chain=provider-chain}:worker.packet{src_chain=provider-chain src_port=provider src_channel=channel-0 dst_chain=comdex-test3}: produced relay summary: RelaySummary { events: [UpdateClient(UpdateClient { common: Attributes { client_id: ClientId("07-tendermint-0"), client_type: Tendermint, consensus_height: Height { revision: 0, height: 76 } }, header: Some(Tendermint( Header {...})) }), WriteAcknowledgement(WriteAcknowledgement { packet: Packet { sequence: 1, source_port: PortId("provider"), source_channel: ChannelId("channel-0"), destination_port: PortId("consumer"), destination_channel: ChannelId("channel-0"), data: [123, 34, 118, 97, 108, 105, 100, 97, 116, 111, 114, 95, 117, 112, 100, 97, 116, 101, 115, 34, 58, 91, 123, 34, 112, 117, 98, 95, 107, 101, 121, 34, 58, 123, 34, 101, 100, 50, 53, 53, 49, 57, 34, 58, 34, 86, 76, 67, 84, 77, 100, 101, 65, 56, 117, 120, 47, 120, 85, 71, 86, 114, 120, 49, 83, 84, 74, 110, 51, 65, 67, 116, 114, 107, 105, 68, 108, 105, 77, 66, 65, 66, 54, 53, 49, 50, 72, 85, 61, 34, 125, 44, 34, 112, 111, 119, 101, 114, 34, 58, 34, 49, 48, 48, 53, 34, 125, 93, 44, 34, 118, 97, 108, 115, 101, 116, 95, 117, 112, 100, 97, 116, 101, 95, 105, 100, 34, 58, 34, 49, 53, 34, 44, 34, 115, 108, 97, 115, 104, 95, 97, 99, 107, 115, 34, 58, 91, 93, 125], timeout_height: Never, timeout_timestamp: Timestamp { time: Some(Time(2024-08-20 9:30:45.675097784)) } }, ack: [123, 34, 114, 101, 115, 117, 108, 116, 34, 58, 34, 65, 81, 61, 61, 34, 125] })] }
2024-07-23T09:31:00.694689Z TRACE ThreadId(12) event_source.websocket{chain=provider-chain}: received an RPC event: tm.event = 'NewBlock' chain=provider-chain
2024-07-23T09:31:00.896390Z TRACE ThreadId(12) event_source.websocket{chain=provider-chain}: assembled batch chain=provider-chain len=1
2024-07-23T09:31:00.896435Z TRACE ThreadId(12) event_source.websocket{chain=provider-chain}: broadcasting batch of 1 events chain=provider-chain count=1 height=0-77
2024-07-23T09:31:01.016833Z TRACE ThreadId(19) worker.batch{chain=provider-chain}:supervisor.handle_batch{chain=provider-chain}:supervisor.process_batch{chain=provider-chain}:worker.packet.cmd{src_chain=provider-chain src_port=provider src_channel=channel-0 dst_chain=comdex-test3}: packet worker has not processed an event batch after 2 blocks, incrementing idle timer
2024-07-23T09:31:03.826788Z TRACE ThreadId(13) event_source.websocket{chain=comdex-test3}: received an RPC event: tm.event = 'NewBlock' chain=comdex-test3
2024-07-23T09:31:03.924041Z TRACE ThreadId(07) worker.batch{chain=comdex-test3}:supervisor.handle_batch{chain=comdex-test3}:supervisor.process_batch{chain=comdex-test3}:worker.packet.cmd{src_chain=comdex-test3 src_port=consumer src_channel=channel-0 dst_chain=provider-chain}:relay{odata=bcaccb3d ->Destination @0-53; len=1}:foreign_client.wait_and_build_update_client_with_trusted{client=comdex-test3->provider-chain:07-tendermint-0 target_height=0-54}:foreign_client.build_update_client_with_trusted{client=comdex-test3->provider-chain:07-tendermint-0 target_height=0-54}: light client verification trusted_height=0-44 target_height=0-54
2024-07-23T09:31:03.932689Z TRACE ThreadId(07) worker.batch{chain=comdex-test3}:supervisor.handle_batch{chain=comdex-test3}:supervisor.process_batch{chain=comdex-test3}:worker.packet.cmd{src_chain=comdex-test3 src_port=consumer src_channel=channel-0 dst_chain=provider-chain}:relay{odata=bcaccb3d ->Destination @0-53; len=1}:foreign_client.wait_and_build_update_client_with_trusted{client=comdex-test3->provider-chain:07-tendermint-0 target_height=0-54}:foreign_client.build_update_client_with_trusted{client=comdex-test3->provider-chain:07-tendermint-0 target_height=0-54}: adjusting headers with 0 supporting headers trusted=0-44 target=54
2024-07-23T09:31:03.932738Z TRACE ThreadId(07) worker.batch{chain=comdex-test3}:supervisor.handle_batch{chain=comdex-test3}:supervisor.process_batch{chain=comdex-test3}:worker.packet.cmd{src_chain=comdex-test3 src_port=consumer src_channel=channel-0 dst_chain=provider-chain}:relay{odata=bcaccb3d ->Destination @0-53; len=1}:foreign_client.wait_and_build_update_client_with_trusted{client=comdex-test3->provider-chain:07-tendermint-0 target_height=0-54}:foreign_client.build_update_client_with_trusted{client=comdex-test3->provider-chain:07-tendermint-0 target_height=0-54}: fetching header height=0-45
2024-07-23T09:31:03.938457Z DEBUG ThreadId(30) worker.batch{chain=comdex-test3}:supervisor.handle_batch{chain=comdex-test3}:supervisor.process_batch{chain=comdex-test3}:worker.packet.cmd{src_chain=comdex-test3 src_port=consumer src_channel=channel-0 dst_chain=provider-chain}:relay{odata=bcaccb3d ->Destination @0-53; len=1}:foreign_client.wait_and_build_update_client_with_trusted{client=comdex-test3->provider-chain:07-tendermint-0 target_height=0-54}:foreign_client.build_update_client_with_trusted{client=comdex-test3->provider-chain:07-tendermint-0 target_height=0-54}: building a MsgUpdateAnyClient from trusted height 0-44 to target height 0-54
2024-07-23T09:31:03.938513Z  INFO ThreadId(30) worker.batch{chain=comdex-test3}:supervisor.handle_batch{chain=comdex-test3}:supervisor.process_batch{chain=comdex-test3}:worker.packet.cmd{src_chain=comdex-test3 src_port=consumer src_channel=channel-0 dst_chain=provider-chain}:relay{odata=bcaccb3d ->Destination @0-53; len=1}: assembled batch of 2 message(s)
2024-07-23T09:31:03.939972Z DEBUG ThreadId(06) worker.batch{chain=comdex-test3}:supervisor.handle_batch{chain=comdex-test3}:supervisor.process_batch{chain=comdex-test3}:worker.packet.cmd{src_chain=comdex-test3 src_port=consumer src_channel=channel-0 dst_chain=provider-chain}:relay{odata=bcaccb3d ->Destination @0-53; len=1}:send_messages_and_wait_check_tx{chain=provider-chain tracking_id=bcaccb3d}:send_tx_with_account_sequence_retry{chain=provider-chain account.sequence=4}: max fee, for use in tx simulation: Fee { amount: "9900001icsstake", gas_limit: 9000000 }
2024-07-23T09:31:03.942525Z DEBUG ThreadId(06) worker.batch{chain=comdex-test3}:supervisor.handle_batch{chain=comdex-test3}:supervisor.process_batch{chain=comdex-test3}:worker.packet.cmd{src_chain=comdex-test3 src_port=consumer src_channel=channel-0 dst_chain=provider-chain}:relay{odata=bcaccb3d ->Destination @0-53; len=1}:send_messages_and_wait_check_tx{chain=provider-chain tracking_id=bcaccb3d}:send_tx_with_account_sequence_retry{chain=provider-chain account.sequence=4}:estimate_gas: tx simulation successful, gas amount used: 139470
2024-07-23T09:31:03.942568Z DEBUG ThreadId(06) worker.batch{chain=comdex-test3}:supervisor.handle_batch{chain=comdex-test3}:supervisor.process_batch{chain=comdex-test3}:worker.packet.cmd{src_chain=comdex-test3 src_port=consumer src_channel=channel-0 dst_chain=provider-chain}:relay{odata=bcaccb3d ->Destination @0-53; len=1}:send_messages_and_wait_check_tx{chain=provider-chain tracking_id=bcaccb3d}:send_tx_with_account_sequence_retry{chain=provider-chain account.sequence=4}: send_tx: using 139470 gas, fee Fee { amount: "230126icsstake", gas_limit: 209205 } id=provider-chain
2024-07-23T09:31:03.944562Z DEBUG ThreadId(06) worker.batch{chain=comdex-test3}:supervisor.handle_batch{chain=comdex-test3}:supervisor.process_batch{chain=comdex-test3}:worker.packet.cmd{src_chain=comdex-test3 src_port=consumer src_channel=channel-0 dst_chain=provider-chain}:relay{odata=bcaccb3d ->Destination @0-53; len=1}:send_messages_and_wait_check_tx{chain=provider-chain tracking_id=bcaccb3d}:send_tx_with_account_sequence_retry{chain=provider-chain account.sequence=4}: gas estimation succeeded
2024-07-23T09:31:03.944577Z DEBUG ThreadId(06) worker.batch{chain=comdex-test3}:supervisor.handle_batch{chain=comdex-test3}:supervisor.process_batch{chain=comdex-test3}:worker.packet.cmd{src_chain=comdex-test3 src_port=consumer src_channel=channel-0 dst_chain=provider-chain}:relay{odata=bcaccb3d ->Destination @0-53; len=1}:send_messages_and_wait_check_tx{chain=provider-chain tracking_id=bcaccb3d}:send_tx_with_account_sequence_retry{chain=provider-chain account.sequence=4}: tx was successfully broadcasted, increasing account sequence number response=Response { codespace: "", code: Ok, data: b"", log: "[]", hash: Hash::Sha256(0B4F751D8785DCC2E47B8E5A16BF6A35B680AB7C8ADBE9F7A57208229CE14022) } account.sequence.old=4 account.sequence.new=5
2024-07-23T09:31:03.944624Z  INFO ThreadId(30) worker.batch{chain=comdex-test3}:supervisor.handle_batch{chain=comdex-test3}:supervisor.process_batch{chain=comdex-test3}:worker.packet.cmd{src_chain=comdex-test3 src_port=consumer src_channel=channel-0 dst_chain=provider-chain}:relay{odata=bcaccb3d ->Destination @0-53; len=1}: response(s): 1; Ok:0B4F751D8785DCC2E47B8E5A16BF6A35B680AB7C8ADBE9F7A57208229CE14022 target_chain=provider-chain
2024-07-23T09:31:03.944647Z  INFO ThreadId(30) worker.batch{chain=comdex-test3}:supervisor.handle_batch{chain=comdex-test3}:supervisor.process_batch{chain=comdex-test3}:worker.packet.cmd{src_chain=comdex-test3 src_port=consumer src_channel=channel-0 dst_chain=provider-chain}:relay{odata=bcaccb3d ->Destination @0-53; len=1}: submitted
2024-07-23T09:31:03.944687Z TRACE ThreadId(30) worker.batch{chain=comdex-test3}:supervisor.handle_batch{chain=comdex-test3}:supervisor.process_batch{chain=comdex-test3}:worker.packet.cmd{src_chain=comdex-test3 src_port=consumer src_channel=channel-0 dst_chain=provider-chain}:processing pending tx{chain=provider-chain counterparty_chain=comdex-test3 port=provider channel=channel-0}: trying to confirm TxHashes: count=1; 0B4F751D8785DCC2E47B8E5A16BF6A35B680AB7C8ADBE9F7A57208229CE14022 
2024-07-23T09:31:03.944974Z TRACE ThreadId(30) worker.batch{chain=comdex-test3}:supervisor.handle_batch{chain=comdex-test3}:supervisor.process_batch{chain=comdex-test3}:worker.packet.cmd{src_chain=comdex-test3 src_port=consumer src_channel=channel-0 dst_chain=provider-chain}:processing pending tx{chain=provider-chain counterparty_chain=comdex-test3 port=provider channel=channel-0}: transaction is not yet committed: TxHashes: count=1; 0B4F751D8785DCC2E47B8E5A16BF6A35B680AB7C8ADBE9F7A57208229CE14022 
2024-07-23T09:31:03.944983Z TRACE ThreadId(30) worker.batch{chain=comdex-test3}:supervisor.handle_batch{chain=comdex-test3}:supervisor.process_batch{chain=comdex-test3}:worker.packet.cmd{src_chain=comdex-test3 src_port=consumer src_channel=channel-0 dst_chain=provider-chain}:processing pending tx{chain=provider-chain counterparty_chain=comdex-test3 port=provider channel=channel-0}: total pending transactions left: 1
2024-07-23T09:31:03.944991Z TRACE ThreadId(30) worker.batch{chain=comdex-test3}:supervisor.handle_batch{chain=comdex-test3}:supervisor.process_batch{chain=comdex-test3}:worker.packet.cmd{src_chain=comdex-test3 src_port=consumer src_channel=channel-0 dst_chain=provider-chain}: packet worker processed an event batch, resetting idle timer
2024-07-23T09:31:03.945039Z TRACE ThreadId(31) worker.batch{chain=comdex-test3}:supervisor.handle_batch{chain=comdex-test3}:supervisor.process_batch{chain=comdex-test3}:worker.packet{src_chain=comdex-test3 src_port=consumer src_channel=channel-0 dst_chain=provider-chain}:processing pending tx{chain=provider-chain counterparty_chain=comdex-test3 port=provider channel=channel-0}: trying to confirm TxHashes: count=1; 0B4F751D8785DCC2E47B8E5A16BF6A35B680AB7C8ADBE9F7A57208229CE14022 
2024-07-23T09:31:03.945327Z TRACE ThreadId(31) worker.batch{chain=comdex-test3}:supervisor.handle_batch{chain=comdex-test3}:supervisor.process_batch{chain=comdex-test3}:worker.packet{src_chain=comdex-test3 src_port=consumer src_channel=channel-0 dst_chain=provider-chain}:processing pending tx{chain=provider-chain counterparty_chain=comdex-test3 port=provider channel=channel-0}: transaction is not yet committed: TxHashes: count=1; 0B4F751D8785DCC2E47B8E5A16BF6A35B680AB7C8ADBE9F7A57208229CE14022 
2024-07-23T09:31:03.945339Z TRACE ThreadId(31) worker.batch{chain=comdex-test3}:supervisor.handle_batch{chain=comdex-test3}:supervisor.process_batch{chain=comdex-test3}:worker.packet{src_chain=comdex-test3 src_port=consumer src_channel=channel-0 dst_chain=provider-chain}:processing pending tx{chain=provider-chain counterparty_chain=comdex-test3 port=provider channel=channel-0}: total pending transactions left: 1
2024-07-23T09:31:04.029382Z TRACE ThreadId(13) event_source.websocket{chain=comdex-test3}: assembled batch chain=comdex-test3 len=1
2024-07-23T09:31:04.029427Z TRACE ThreadId(13) event_source.websocket{chain=comdex-test3}: broadcasting batch of 1 events chain=comdex-test3 count=1 height=0-54
2024-07-23T09:31:04.145138Z TRACE ThreadId(30) worker.batch{chain=comdex-test3}:supervisor.handle_batch{chain=comdex-test3}:supervisor.process_batch{chain=comdex-test3}:worker.packet.cmd{src_chain=comdex-test3 src_port=consumer src_channel=channel-0 dst_chain=provider-chain}: packet worker has not processed an event batch after 1 blocks, incrementing idle timer
2024-07-23T09:31:04.517999Z TRACE ThreadId(09) spawn:chain{chain=provider-chain}:wallet{chain=provider-chain}: wallet balance amount=1499998931531 denom=icsstake account=cosmos1l7hrk5smvnatux7fsutvc0zldj3z8gawhd7ex7
2024-07-23T09:31:04.537690Z TRACE ThreadId(11) spawn:chain{chain=comdex-test3}:wallet{chain=comdex-test3}: wallet balance amount=15000000000000000000000 denom=ucmdx account=comdex1l7hrk5smvnatux7fsutvc0zldj3z8gawszumlf
2024-07-23T09:31:04.948835Z TRACE ThreadId(31) worker.batch{chain=comdex-test3}:supervisor.handle_batch{chain=comdex-test3}:supervisor.process_batch{chain=comdex-test3}:worker.packet{src_chain=comdex-test3 src_port=consumer src_channel=channel-0 dst_chain=provider-chain}:processing pending tx{chain=provider-chain counterparty_chain=comdex-test3 port=provider channel=channel-0}: trying to confirm TxHashes: count=1; 0B4F751D8785DCC2E47B8E5A16BF6A35B680AB7C8ADBE9F7A57208229CE14022 
2024-07-23T09:31:04.949306Z TRACE ThreadId(31) worker.batch{chain=comdex-test3}:supervisor.handle_batch{chain=comdex-test3}:supervisor.process_batch{chain=comdex-test3}:worker.packet{src_chain=comdex-test3 src_port=consumer src_channel=channel-0 dst_chain=provider-chain}:processing pending tx{chain=provider-chain counterparty_chain=comdex-test3 port=provider channel=channel-0}: transaction is not yet committed: TxHashes: count=1; 0B4F751D8785DCC2E47B8E5A16BF6A35B680AB7C8ADBE9F7A57208229CE14022 
2024-07-23T09:31:04.949320Z TRACE ThreadId(31) worker.batch{chain=comdex-test3}:supervisor.handle_batch{chain=comdex-test3}:supervisor.process_batch{chain=comdex-test3}:worker.packet{src_chain=comdex-test3 src_port=consumer src_channel=channel-0 dst_chain=provider-chain}:processing pending tx{chain=provider-chain counterparty_chain=comdex-test3 port=provider channel=channel-0}: total pending transactions left: 1
2024-07-23T09:31:05.703469Z TRACE ThreadId(12) event_source.websocket{chain=provider-chain}: received an RPC event: tm.event = 'NewBlock' chain=provider-chain
2024-07-23T09:31:05.705196Z TRACE ThreadId(12) event_source.websocket{chain=provider-chain}: received an RPC event: message.module = 'ibc_channel' chain=provider-chain
2024-07-23T09:31:05.705844Z TRACE ThreadId(12) event_source.websocket{chain=provider-chain}:ibc_channel event: extracted AcknowledgePacket(AcknowledgePacket { packet: seq:1, path:channel-0/provider->channel-0/consumer, toh:no timeout, tos:2024-08-20T09:30:45.675097784Z)})
2024-07-23T09:31:05.706607Z TRACE ThreadId(12) event_source.websocket{chain=provider-chain}: received an RPC event: message.module = 'ibc_client' chain=provider-chain
2024-07-23T09:31:05.706944Z TRACE ThreadId(12) event_source.websocket{chain=provider-chain}: extracted ibc_client event UpdateClient(UpdateClient { Attributes { client_id: 07-tendermint-0, client_type: ClientType(07-tendermint), consensus_height: 0-54 } })
2024-07-23T09:31:05.908501Z TRACE ThreadId(12) event_source.websocket{chain=provider-chain}: assembled batch chain=provider-chain len=3
2024-07-23T09:31:05.908545Z TRACE ThreadId(12) event_source.websocket{chain=provider-chain}: broadcasting batch of 3 events chain=provider-chain count=3 height=0-78
2024-07-23T09:31:05.913251Z TRACE ThreadId(14) worker.batch{chain=provider-chain}:supervisor.handle_batch{chain=provider-chain}:supervisor.process_batch{chain=provider-chain}: controlling permissions
2024-07-23T09:31:05.913287Z TRACE ThreadId(14) worker.batch{chain=provider-chain}:supervisor.handle_batch{chain=provider-chain}:supervisor.process_batch{chain=provider-chain}: cache hit permission=Allow
2024-07-23T09:31:05.949447Z TRACE ThreadId(31) worker.batch{chain=comdex-test3}:supervisor.handle_batch{chain=comdex-test3}:supervisor.process_batch{chain=comdex-test3}:worker.packet{src_chain=comdex-test3 src_port=consumer src_channel=channel-0 dst_chain=provider-chain}:processing pending tx{chain=provider-chain counterparty_chain=comdex-test3 port=provider channel=channel-0}: trying to confirm TxHashes: count=1; 0B4F751D8785DCC2E47B8E5A16BF6A35B680AB7C8ADBE9F7A57208229CE14022 
2024-07-23T09:31:05.950754Z DEBUG ThreadId(31) worker.batch{chain=comdex-test3}:supervisor.handle_batch{chain=comdex-test3}:supervisor.process_batch{chain=comdex-test3}:worker.packet{src_chain=comdex-test3 src_port=consumer src_channel=channel-0 dst_chain=provider-chain}:processing pending tx{chain=provider-chain counterparty_chain=comdex-test3 port=provider channel=channel-0}: transactions confirmed tracking_id=bcaccb3d elapsed=2.006074125s tx_hashes=TxHashes: count=1; 0B4F751D8785DCC2E47B8E5A16BF6A35B680AB7C8ADBE9F7A57208229CE14022
2024-07-23T09:31:05.950805Z TRACE ThreadId(31) worker.batch{chain=comdex-test3}:supervisor.handle_batch{chain=comdex-test3}:supervisor.process_batch{chain=comdex-test3}:worker.packet{src_chain=comdex-test3 src_port=consumer src_channel=channel-0 dst_chain=provider-chain}: produced relay summary: RelaySummary { events: [UpdateClient(UpdateClient { common: Attributes { client_id: ClientId("07-tendermint-0"), client_type: Tendermint, consensus_height: Height { revision: 0, height: 54 } }, header: Some(Tendermint( Header {...})) }), AcknowledgePacket(AcknowledgePacket { packet: Packet { sequence: 1, source_port: PortId("provider"), source_channel: ChannelId("channel-0"), destination_port: PortId("consumer"), destination_channel: ChannelId("channel-0"), data: [], timeout_height: Never, timeout_timestamp: Timestamp { time: Some(Time(2024-08-20 9:30:45.675097784)) } } })] }
2024-07-23T09:31:06.028986Z TRACE ThreadId(19) worker.batch{chain=provider-chain}:supervisor.handle_batch{chain=provider-chain}:supervisor.process_batch{chain=provider-chain}:worker.packet.cmd{src_chain=provider-chain src_port=provider src_channel=channel-0 dst_chain=comdex-test3}: packet worker has not processed an event batch after 3 blocks, incrementing idle timer
2024-07-23T09:31:08.944174Z TRACE ThreadId(13) event_source.websocket{chain=comdex-test3}: received an RPC event: tm.event = 'NewBlock' chain=comdex-test3
2024-07-23T09:31:09.145480Z TRACE ThreadId(13) event_source.websocket{chain=comdex-test3}: assembled batch chain=comdex-test3 len=1
2024-07-23T09:31:09.145529Z TRACE ThreadId(13) event_source.websocket{chain=comdex-test3}: broadcasting batch of 1 events chain=comdex-test3 count=1 height=0-55
2024-07-23T09:31:09.155406Z TRACE ThreadId(30) worker.batch{chain=comdex-test3}:supervisor.handle_batch{chain=comdex-test3}:supervisor.process_batch{chain=comdex-test3}:worker.packet.cmd{src_chain=comdex-test3 src_port=consumer src_channel=channel-0 dst_chain=provider-chain}: packet worker has not processed an event batch after 2 blocks, incrementing idle timer
